e:\project\mainwindow\mainwindow\x64\debug\mainwindow.obj
e:\project\mainwindow\mainwindow\x64\debug\main.obj
e:\project\mainwindow\mainwindow\x64\debug\moc_mainwindow.obj
e:\project\mainwindow\mainwindow\x64\debug\qrc_resource.obj
e:\project\mainwindow\mainwindow\x64\debug\qrc_mainwindow.obj
e:\project\mainwindow\mainwindow\x64\debug\vc140.pdb
e:\project\mainwindow\x64\debug\mainwindow.ilk
e:\project\mainwindow\x64\debug\mainwindow.exe
e:\project\mainwindow\x64\debug\mainwindow.pdb
e:\project\mainwindow\mainwindow\generatedfiles\ui_mainwindow.h
e:\project\mainwindow\mainwindow\generatedfiles\qrc_mainwindow.cpp
e:\project\mainwindow\mainwindow\generatedfiles\qrc_resource.cpp
e:\project\mainwindow\mainwindow\generatedfiles\debug\moc_mainwindow.cpp
e:\project\mainwindow\mainwindow\.\generatedfiles\debug\moc_mainwindow.cpp
e:\project\mainwindow\mainwindow\.\generatedfiles\qrc_mainwindow.cpp
e:\project\mainwindow\mainwindow\.\generatedfiles\qrc_resource.cpp
e:\project\mainwindow\mainwindow\.\generatedfiles\ui_mainwindow.h
e:\project\mainwindow\mainwindow\x64\debug\mainwindow.tlog\cl.command.1.tlog
e:\project\mainwindow\mainwindow\x64\debug\mainwindow.tlog\cl.read.1.tlog
e:\project\mainwindow\mainwindow\x64\debug\mainwindow.tlog\cl.write.1.tlog
e:\project\mainwindow\mainwindow\x64\debug\mainwindow.tlog\link.command.1.tlog
e:\project\mainwindow\mainwindow\x64\debug\mainwindow.tlog\link.read.1.tlog
e:\project\mainwindow\mainwindow\x64\debug\mainwindow.tlog\link.write.1.tlog
e:\project\mainwindow\mainwindow\x64\debug\mainwindow.tlog\mainwindow.write.1u.tlog
e:\project\mainwindow\mainwindow\x64\debug\mainwindow.tlog\moc.read.1u.tlog
e:\project\mainwindow\mainwindow\x64\debug\mainwindow.tlog\moc.write.1u.tlog
e:\project\mainwindow\mainwindow\x64\debug\mainwindow.tlog\rcc.read.1u.tlog
e:\project\mainwindow\mainwindow\x64\debug\mainwindow.tlog\rcc.write.1u.tlog
e:\project\mainwindow\mainwindow\x64\debug\mainwindow.tlog\uic.read.1u.tlog
e:\project\mainwindow\mainwindow\x64\debug\mainwindow.tlog\uic.write.1u.tlog
