f:\quantprogram\ctpmonitorqt\ctpmonitorqt\x64\release\hxeventengine.obj
f:\quantprogram\ctpmonitorqt\ctpmonitorqt\x64\release\qtaccountlistwidget.obj
f:\quantprogram\ctpmonitorqt\ctpmonitorqt\x64\release\moc_qaccount.obj
f:\quantprogram\ctpmonitorqt\ctpmonitorqt\x64\release\moc_qtlogwidget.obj
f:\quantprogram\ctpmonitorqt\ctpmonitorqt\x64\release\qtaccountlistdetailwidget.obj
f:\quantprogram\ctpmonitorqt\ctpmonitorqt\x64\release\moc_qtaccountlistdetailwidget.obj
f:\quantprogram\ctpmonitorqt\ctpmonitorqt\x64\release\main.obj
f:\quantprogram\ctpmonitorqt\ctpmonitorqt\x64\release\ctpruntime.obj
f:\quantprogram\ctpmonitorqt\ctpmonitorqt\x64\release\traderspi.obj
f:\quantprogram\ctpmonitorqt\ctpmonitorqt\x64\release\qtaccountdetailwidget.obj
f:\quantprogram\ctpmonitorqt\ctpmonitorqt\x64\release\ctpmonitorqt.obj
f:\quantprogram\ctpmonitorqt\ctpmonitorqt\x64\release\usermanager.obj
f:\quantprogram\ctpmonitorqt\ctpmonitorqt\x64\release\logger.obj
f:\quantprogram\ctpmonitorqt\ctpmonitorqt\x64\release\qtlogwidget.obj
f:\quantprogram\ctpmonitorqt\ctpmonitorqt\x64\release\moc_qtaccountdetailwidget.obj
f:\quantprogram\ctpmonitorqt\ctpmonitorqt\x64\release\qaccount.obj
f:\quantprogram\ctpmonitorqt\ctpmonitorqt\x64\release\timetool.obj
f:\quantprogram\ctpmonitorqt\ctpmonitorqt\x64\release\qrc_ctpmonitorqt.obj
f:\quantprogram\ctpmonitorqt\ctpmonitorqt\x64\release\moc_ctpmonitorqt.obj
f:\quantprogram\ctpmonitorqt\ctpmonitorqt\x64\release\moc_qtaccountlistwidget.obj
f:\quantprogram\ctpmonitorqt\ctpmonitorqt\generatedfiles\ui_ctpmonitorqt.h
f:\quantprogram\ctpmonitorqt\ctpmonitorqt\generatedfiles\ui_qtaccountdetailwidget.h
f:\quantprogram\ctpmonitorqt\ctpmonitorqt\generatedfiles\ui_qtaccountlistdetailwidget.h
f:\quantprogram\ctpmonitorqt\ctpmonitorqt\generatedfiles\ui_qtaccountlistwidget.h
f:\quantprogram\ctpmonitorqt\ctpmonitorqt\generatedfiles\ui_qtlogwidget.h
f:\quantprogram\ctpmonitorqt\ctpmonitorqt\generatedfiles\qrc_ctpmonitorqt.cpp
f:\quantprogram\ctpmonitorqt\ctpmonitorqt\generatedfiles\release\moc_ctpmonitorqt.cpp
f:\quantprogram\ctpmonitorqt\ctpmonitorqt\generatedfiles\release\moc_qaccount.cpp
f:\quantprogram\ctpmonitorqt\ctpmonitorqt\generatedfiles\release\moc_qtaccountlistdetailwidget.cpp
f:\quantprogram\ctpmonitorqt\ctpmonitorqt\generatedfiles\release\moc_qtaccountdetailwidget.cpp
f:\quantprogram\ctpmonitorqt\ctpmonitorqt\generatedfiles\release\moc_qtaccountlistwidget.cpp
f:\quantprogram\ctpmonitorqt\ctpmonitorqt\generatedfiles\release\moc_qtlogwidget.cpp
f:\quantprogram\ctpmonitorqt\x64\release\ctpmonitorqt.exe
f:\quantprogram\ctpmonitorqt\ctpmonitorqt\.\generatedfiles\release\moc_ctpmonitorqt.cpp
f:\quantprogram\ctpmonitorqt\ctpmonitorqt\.\generatedfiles\release\moc_qaccount.cpp
f:\quantprogram\ctpmonitorqt\ctpmonitorqt\.\generatedfiles\release\moc_qtaccountlistdetailwidget.cpp
f:\quantprogram\ctpmonitorqt\ctpmonitorqt\.\generatedfiles\release\moc_qtaccountdetailwidget.cpp
f:\quantprogram\ctpmonitorqt\ctpmonitorqt\.\generatedfiles\release\moc_qtaccountlistwidget.cpp
f:\quantprogram\ctpmonitorqt\ctpmonitorqt\.\generatedfiles\release\moc_qtlogwidget.cpp
f:\quantprogram\ctpmonitorqt\ctpmonitorqt\.\generatedfiles\qrc_ctpmonitorqt.cpp
f:\quantprogram\ctpmonitorqt\ctpmonitorqt\.\generatedfiles\ui_ctpmonitorqt.h
f:\quantprogram\ctpmonitorqt\ctpmonitorqt\.\generatedfiles\ui_qtaccountdetailwidget.h
f:\quantprogram\ctpmonitorqt\ctpmonitorqt\.\generatedfiles\ui_qtaccountlistdetailwidget.h
f:\quantprogram\ctpmonitorqt\ctpmonitorqt\.\generatedfiles\ui_qtaccountlistwidget.h
f:\quantprogram\ctpmonitorqt\ctpmonitorqt\.\generatedfiles\ui_qtlogwidget.h
f:\quantprogram\ctpmonitorqt\ctpmonitorqt\x64\release\ctpmonitorqt.tlog\cl.command.1.tlog
f:\quantprogram\ctpmonitorqt\ctpmonitorqt\x64\release\ctpmonitorqt.tlog\cl.read.1.tlog
f:\quantprogram\ctpmonitorqt\ctpmonitorqt\x64\release\ctpmonitorqt.tlog\cl.write.1.tlog
f:\quantprogram\ctpmonitorqt\ctpmonitorqt\x64\release\ctpmonitorqt.tlog\ctpmonitorqt.write.1u.tlog
f:\quantprogram\ctpmonitorqt\ctpmonitorqt\x64\release\ctpmonitorqt.tlog\link.command.1.tlog
f:\quantprogram\ctpmonitorqt\ctpmonitorqt\x64\release\ctpmonitorqt.tlog\link.read.1.tlog
f:\quantprogram\ctpmonitorqt\ctpmonitorqt\x64\release\ctpmonitorqt.tlog\link.write.1.tlog
f:\quantprogram\ctpmonitorqt\ctpmonitorqt\x64\release\ctpmonitorqt.tlog\moc.read.1u.tlog
f:\quantprogram\ctpmonitorqt\ctpmonitorqt\x64\release\ctpmonitorqt.tlog\moc.write.1u.tlog
f:\quantprogram\ctpmonitorqt\ctpmonitorqt\x64\release\ctpmonitorqt.tlog\rcc.read.1u.tlog
f:\quantprogram\ctpmonitorqt\ctpmonitorqt\x64\release\ctpmonitorqt.tlog\rcc.write.1u.tlog
f:\quantprogram\ctpmonitorqt\ctpmonitorqt\x64\release\ctpmonitorqt.tlog\uic.read.1u.tlog
f:\quantprogram\ctpmonitorqt\ctpmonitorqt\x64\release\ctpmonitorqt.tlog\uic.write.1u.tlog
