  Uic'ing CtpMonitorQT.ui...
  Uic'ing QtAccountDetailWidget.ui...
  Uic'ing QtAccountListDetailWidget.ui...
  Uic'ing QtAccountListWidget.ui...
  Uic'ing QtLogWidget.ui...
  Rcc'ing CtpMonitorQT.qrc...
  Moc'ing CtpMonitorQT.h...
  Moc'ing QAccount.h...
   RCC: Warning: No resources in 'F:\quantprogram\CtpMonitorQT\CtpMonitorQT\CtpMonitorQT.qrc'.
  Moc'ing QtAccountListDetailWidget.h...
  Moc'ing QtAccountDetailWidget.h...
  Moc'ing QtAccountListWidget.h...
  Moc'ing QtLogWidget.h...
C:\Program Files (x86)\MSBuild\Microsoft.Cpp\v4.0\V140\Microsoft.CppBuild.targets(936,5): warning MSB8027: Two or more files with the name of qrc_CtpMonitorQT.cpp will produce outputs to the same location. This can lead to an incorrect build result.  The files involved are GeneratedFiles\qrc_CtpMonitorQT.cpp, GeneratedFiles\qrc_CtpMonitorQT.cpp.
  CtpMonitorQT.cpp
  CtpRuntime.cpp
  HxEventEngine.cpp
  LOGGER.cpp
  main.cpp
  QAccount.cpp
  QtAccountDetailWidget.cpp
  QtAccountListDetailWidget.cpp
  QtAccountListWidget.cpp
  QtLogWidget.cpp
  TimeTool.cpp
  TraderSpi.cpp
  UserManager.cpp
  qrc_CtpMonitorQT.cpp
  moc_CtpMonitorQT.cpp
  moc_QAccount.cpp
  moc_QtAccountListDetailWidget.cpp
  moc_QtAccountDetailWidget.cpp
  moc_QtAccountListWidget.cpp
  moc_QtLogWidget.cpp
x64\Release\qrc_CtpMonitorQT.obj : warning LNK4042: 对象被多次指定；已忽略多余的指定
  CtpMonitorQT.vcxproj -> F:\quantprogram\CtpMonitorQT\x64\Release\CtpMonitorQT.exe
