f:\quantprogram\ctpmonitorqt\ctpmonitorqt\x64\debug\ctpmonitorqt.obj
f:\quantprogram\ctpmonitorqt\ctpmonitorqt\x64\debug\moc_qaccount.obj
f:\quantprogram\ctpmonitorqt\ctpmonitorqt\x64\debug\moc_qtlogwidget.obj
f:\quantprogram\ctpmonitorqt\ctpmonitorqt\x64\debug\qtaccountdetailwidget.obj
f:\quantprogram\ctpmonitorqt\ctpmonitorqt\x64\debug\moc_qtaccountdetailwidget.obj
f:\quantprogram\ctpmonitorqt\ctpmonitorqt\x64\debug\qtaccountlistdetailwidget.obj
f:\quantprogram\ctpmonitorqt\ctpmonitorqt\x64\debug\qrc_ctpmonitorqt.obj
f:\quantprogram\ctpmonitorqt\ctpmonitorqt\x64\debug\moc_ctpmonitorqt.obj
f:\quantprogram\ctpmonitorqt\ctpmonitorqt\x64\debug\hxeventengine.obj
f:\quantprogram\ctpmonitorqt\ctpmonitorqt\x64\debug\qtlogwidget.obj
f:\quantprogram\ctpmonitorqt\ctpmonitorqt\x64\debug\moc_qtaccountlistwidget.obj
f:\quantprogram\ctpmonitorqt\ctpmonitorqt\x64\debug\ctpruntime.obj
f:\quantprogram\ctpmonitorqt\ctpmonitorqt\x64\debug\timetool.obj
f:\quantprogram\ctpmonitorqt\ctpmonitorqt\x64\debug\usermanager.obj
f:\quantprogram\ctpmonitorqt\ctpmonitorqt\x64\debug\qaccount.obj
f:\quantprogram\ctpmonitorqt\ctpmonitorqt\x64\debug\traderspi.obj
f:\quantprogram\ctpmonitorqt\ctpmonitorqt\x64\debug\logger.obj
f:\quantprogram\ctpmonitorqt\ctpmonitorqt\x64\debug\qtaccountlistwidget.obj
f:\quantprogram\ctpmonitorqt\ctpmonitorqt\x64\debug\moc_qtaccountlistdetailwidget.obj
f:\quantprogram\ctpmonitorqt\ctpmonitorqt\x64\debug\main.obj
f:\quantprogram\ctpmonitorqt\ctpmonitorqt\x64\debug\vc140.pdb
f:\quantprogram\ctpmonitorqt\ctpmonitorqt\generatedfiles\ui_ctpmonitorqt.h
f:\quantprogram\ctpmonitorqt\ctpmonitorqt\generatedfiles\ui_qtaccountdetailwidget.h
f:\quantprogram\ctpmonitorqt\ctpmonitorqt\generatedfiles\ui_qtaccountlistdetailwidget.h
f:\quantprogram\ctpmonitorqt\ctpmonitorqt\generatedfiles\ui_qtaccountlistwidget.h
f:\quantprogram\ctpmonitorqt\ctpmonitorqt\generatedfiles\ui_qtlogwidget.h
f:\quantprogram\ctpmonitorqt\ctpmonitorqt\generatedfiles\qrc_ctpmonitorqt.cpp
f:\quantprogram\ctpmonitorqt\ctpmonitorqt\generatedfiles\debug\moc_ctpmonitorqt.cpp
f:\quantprogram\ctpmonitorqt\ctpmonitorqt\generatedfiles\debug\moc_qaccount.cpp
f:\quantprogram\ctpmonitorqt\ctpmonitorqt\generatedfiles\debug\moc_qtaccountlistdetailwidget.cpp
f:\quantprogram\ctpmonitorqt\ctpmonitorqt\generatedfiles\debug\moc_qtaccountdetailwidget.cpp
f:\quantprogram\ctpmonitorqt\ctpmonitorqt\generatedfiles\debug\moc_qtaccountlistwidget.cpp
f:\quantprogram\ctpmonitorqt\ctpmonitorqt\generatedfiles\debug\moc_qtlogwidget.cpp
f:\quantprogram\ctpmonitorqt\x64\debug\ctpmonitorqt.ilk
f:\quantprogram\ctpmonitorqt\x64\debug\ctpmonitorqt.exe
f:\quantprogram\ctpmonitorqt\x64\debug\ctpmonitorqt.pdb
f:\quantprogram\ctpmonitorqt\ctpmonitorqt\.\generatedfiles\debug\moc_ctpmonitorqt.cpp
f:\quantprogram\ctpmonitorqt\ctpmonitorqt\.\generatedfiles\debug\moc_qaccount.cpp
f:\quantprogram\ctpmonitorqt\ctpmonitorqt\.\generatedfiles\debug\moc_qtaccountlistdetailwidget.cpp
f:\quantprogram\ctpmonitorqt\ctpmonitorqt\.\generatedfiles\debug\moc_qtaccountdetailwidget.cpp
f:\quantprogram\ctpmonitorqt\ctpmonitorqt\.\generatedfiles\debug\moc_qtaccountlistwidget.cpp
f:\quantprogram\ctpmonitorqt\ctpmonitorqt\.\generatedfiles\debug\moc_qtlogwidget.cpp
f:\quantprogram\ctpmonitorqt\ctpmonitorqt\.\generatedfiles\qrc_ctpmonitorqt.cpp
f:\quantprogram\ctpmonitorqt\ctpmonitorqt\.\generatedfiles\ui_ctpmonitorqt.h
f:\quantprogram\ctpmonitorqt\ctpmonitorqt\.\generatedfiles\ui_qtaccountdetailwidget.h
f:\quantprogram\ctpmonitorqt\ctpmonitorqt\.\generatedfiles\ui_qtaccountlistdetailwidget.h
f:\quantprogram\ctpmonitorqt\ctpmonitorqt\.\generatedfiles\ui_qtaccountlistwidget.h
f:\quantprogram\ctpmonitorqt\ctpmonitorqt\.\generatedfiles\ui_qtlogwidget.h
f:\quantprogram\ctpmonitorqt\ctpmonitorqt\x64\debug\ctpmonitorqt.tlog\cl.command.1.tlog
f:\quantprogram\ctpmonitorqt\ctpmonitorqt\x64\debug\ctpmonitorqt.tlog\cl.read.1.tlog
f:\quantprogram\ctpmonitorqt\ctpmonitorqt\x64\debug\ctpmonitorqt.tlog\cl.write.1.tlog
f:\quantprogram\ctpmonitorqt\ctpmonitorqt\x64\debug\ctpmonitorqt.tlog\ctpmonitorqt.write.1u.tlog
f:\quantprogram\ctpmonitorqt\ctpmonitorqt\x64\debug\ctpmonitorqt.tlog\link.command.1.tlog
f:\quantprogram\ctpmonitorqt\ctpmonitorqt\x64\debug\ctpmonitorqt.tlog\link.read.1.tlog
f:\quantprogram\ctpmonitorqt\ctpmonitorqt\x64\debug\ctpmonitorqt.tlog\link.write.1.tlog
f:\quantprogram\ctpmonitorqt\ctpmonitorqt\x64\debug\ctpmonitorqt.tlog\moc.read.1u.tlog
f:\quantprogram\ctpmonitorqt\ctpmonitorqt\x64\debug\ctpmonitorqt.tlog\moc.write.1u.tlog
f:\quantprogram\ctpmonitorqt\ctpmonitorqt\x64\debug\ctpmonitorqt.tlog\rcc.read.1u.tlog
f:\quantprogram\ctpmonitorqt\ctpmonitorqt\x64\debug\ctpmonitorqt.tlog\rcc.write.1u.tlog
f:\quantprogram\ctpmonitorqt\ctpmonitorqt\x64\debug\ctpmonitorqt.tlog\uic.read.1u.tlog
f:\quantprogram\ctpmonitorqt\ctpmonitorqt\x64\debug\ctpmonitorqt.tlog\uic.write.1u.tlog
